Arguments: 
  C:\Program Files\nodejs\node.exe C:\Users\SMIT\AppData\Roaming\npm\node_modules\yarn\bin\yarn.js

PATH: 
  C:\Windows\system32;C:\Windows;C:\Windows\System32\Wbem;C:\Windows\System32\WindowsPowerShell\v1.0\;C:\Windows\System32\OpenSSH\;C:\Program Files\Git\cmd;C:\Program Files\nodejs\;C:\Users\SMIT\AppData\Local\Microsoft\WindowsApps;;C:\Users\SMIT\AppData\Local\Programs\Microsoft VS Code\bin;C:\Users\SMIT\AppData\Roaming\npm

Yarn version: 
  1.22.10

Node version: 
  14.15.1

Platform: 
  win32 x64

Trace: 
  Error: EPERM: operation not permitted, unlink 'C:\Users\SMIT\Documents\git\prismaVue\node_modules\utf-8-validate\prebuilds\win32-x64\node.napi.node'

npm manifest: 
  {
    "name": "prismaVue",
    "version": "1.0.0",
    "description": "",
    "main": "index.js",
    "scripts": {
      "test": "echo \"Error: no test specified\" && exit 1",
      "dev": "node ./src/server.js",
      "start": "nodemon --exec babel-node ./src/server.js",
      "prisma": "npx prisma migrate save --name init --experimental && npx prisma migrate up --experimental && npx prisma generate"
    },
    "repository": {
      "type": "git",
      "url": "git+https://github.com/thekanon/prismaVue.git"
    },
    "keywords": [],
    "author": "",
    "license": "ISC",
    "bugs": {
      "url": "https://github.com/thekanon/prismaVue/issues"
    },
    "homepage": "https://github.com/thekanon/prismaVue#readme",
    "devDependencies": {
      "@babel/cli": "^7.12.8",
      "@babel/core": "^7.12.9",
      "@babel/node": "^7.12.6",
      "@babel/preset-env": "^7.12.7",
      "@prisma/cli": "^2.12.1"
    },
    "dependencies": {
      "@graphql-tools/schema": "^7.1.2",
      "@nexus/schema": "0.19.2",
      "@prisma/client": "^2.12.1",
      "apollo-server": "2.19.0",
      "body-parser": "^1.19.0",
      "dotenv": "^8.2.0",
      "express": "^4.17.1",
      "graphql-tools": "^7.0.2",
      "graphql-yoga": "^1.18.3",
      "morgan": "^1.10.0",
      "nexus-plugin-prisma": "0.25.0",
      "semver": "7.3.4"
    }
  }

yarn manifest: 
  No manifest

Lockfile: 
  No lockfile
